<?xml version="1.0" encoding="UTF-8"?>
<!-- Generated by org.testng.reporters.JUnitReportReporter -->
<testsuite hostname="LAPTOP-MSTO7RQ5" failures="0" tests="1" name="test.SameCategoryTest" time="3.432" errors="0" timestamp="2023-02-16T22:27:08 EST" skipped="0">
  <testcase classname="test.SameCategoryTest" name="sameCategoryTest" time="3.432"/>
  <system-out/>
</testsuite> <!-- test.SameCategoryTest -->
