<?xml version="1.0" encoding="UTF-8"?>
<!-- Generated by org.testng.reporters.JUnitReportReporter -->
<testsuite hostname="LAPTOP-MSTO7RQ5" failures="0" tests="1" name="test.MonthDropDownTest" time="18.073" errors="0" timestamp="2023-02-17T21:21:00 EST" skipped="0">
  <testcase classname="test.MonthDropDownTest" name="userShouldBeAbleToSeeAllTheMonths" time="18.073"/>
  <system-out/>
</testsuite> <!-- test.MonthDropDownTest -->
