<?xml version="1.0" encoding="UTF-8"?>
<!-- Generated by org.testng.reporters.JUnitReportReporter -->
<testsuite hostname="LAPTOP-MSTO7RQ5" failures="0" tests="1" name="test.AddCategoryTest" time="3.612" errors="0" timestamp="2023-02-17T21:19:42 EST" skipped="0">
  <testcase classname="test.AddCategoryTest" name="userShouldBeAbleToAddCategory" time="3.612"/>
  <system-out/>
</testsuite> <!-- test.AddCategoryTest -->
